<?xml version="1.0" encoding="UTF-8"?>
<!-- Generated by org.testng.reporters.JUnitReportReporter -->
<testsuite hostname="LAPTOP-GTLTLNIU" failures="0" tests="1" name="TestingParameterization.ClassA" time="0.013" errors="0" timestamp="2023-03-29T14:26:45 IST" skipped="0">
  <testcase classname="TestingParameterization.ClassA" name="aksjaksj" time="0.013"/>
  <system-out/>
</testsuite> <!-- TestingParameterization.ClassA -->
