<?xml version="1.0" encoding="UTF-8"?>
<!-- Generated by org.testng.reporters.JUnitReportReporter -->
<testsuite hostname="LAPTOP-GTLTLNIU" failures="0" tests="1" name="TestingTstNg.HomeLoan" time="0.005" errors="0" timestamp="2023-03-28T17:27:28 IST" skipped="0">
  <testcase classname="TestingTstNg.HomeLoan" name="homeLoan" time="0.005"/>
  <system-out/>
</testsuite> <!-- TestingTstNg.HomeLoan -->
