<?xml version="1.0" encoding="UTF-8"?>
<!-- Generated by org.testng.reporters.JUnitReportReporter -->
<testsuite hostname="LAPTOP-GTLTLNIU" failures="0" tests="2" name="TestingSmoke.Tstsmoke" time="0.008" errors="0" timestamp="2023-03-28T17:53:18 IST" skipped="0">
  <testcase classname="TestingSmoke.Tstsmoke" name="fun6" time="0.001"/>
  <system-out/>
  <testcase classname="TestingSmoke.Tstsmoke" name="fun4" time="0.007"/>
  <system-out/>
</testsuite> <!-- TestingSmoke.Tstsmoke -->
