<?xml version="1.0" encoding="UTF-8"?>
<!-- Generated by org.testng.reporters.JUnitReportReporter -->
<testsuite hostname="LAPTOP-GTLTLNIU" failures="0" tests="3" name="TestingPriority.TstPriority" time="0.011" errors="0" timestamp="2023-03-28T17:59:09 IST" skipped="0">
  <testcase classname="TestingPriority.TstPriority" name="priority2" time="0.008"/>
  <system-out/>
  <testcase classname="TestingPriority.TstPriority" name="priority3" time="0.002"/>
  <system-out/>
  <testcase classname="TestingPriority.TstPriority" name="priority1" time="0.001"/>
  <system-out/>
</testsuite> <!-- TestingPriority.TstPriority -->
