<?xml version="1.0" encoding="UTF-8"?>
<!-- Generated by org.testng.reporters.JUnitReportReporter -->
<testsuite hostname="LAPTOP-GTLTLNIU" failures="0" tests="1" name="TestingTstNg.CarLoan" time="0.001" errors="0" timestamp="2023-03-28T17:27:28 IST" skipped="0">
  <testcase classname="TestingTstNg.CarLoan" name="carLoan" time="0.001"/>
  <system-out/>
</testsuite> <!-- TestingTstNg.CarLoan -->
