<?xml version="1.0" encoding="UTF-8"?>
<!-- Generated by org.testng.reporters.JUnitReportReporter -->
<testsuite hostname="LAPTOP-GTLTLNIU" failures="0" tests="7" name="TestingHelpingAttribute.Abcd" time="0.014" errors="0" timestamp="2023-03-28T18:13:54 IST" skipped="0">
  <testcase classname="TestingHelpingAttribute.Abcd" name="fun1" time="0.001"/>
  <system-out/>
  <testcase classname="TestingHelpingAttribute.Abcd" name="fun3" time="0.001"/>
  <system-out/>
  <testcase classname="TestingHelpingAttribute.Abcd" name="fun1" time="0.001"/>
  <system-out/>
  <testcase classname="TestingHelpingAttribute.Abcd" name="fun2" time="0.001"/>
  <system-out/>
  <testcase classname="TestingHelpingAttribute.Abcd" name="fun1" time="0.009"/>
  <system-out/>
  <testcase classname="TestingHelpingAttribute.Abcd" name="fun1" time="0.000"/>
  <system-out/>
  <testcase classname="TestingHelpingAttribute.Abcd" name="fun1" time="0.001"/>
  <system-out/>
</testsuite> <!-- TestingHelpingAttribute.Abcd -->
