<?xml version="1.0" encoding="UTF-8"?>
<!-- Generated by org.testng.reporters.JUnitReportReporter -->
<testsuite hostname="LAPTOP-GTLTLNIU" failures="0" tests="2" name="TestingParameterization.DataProv" time="0.008" errors="0" timestamp="2023-03-29T15:15:28 IST" skipped="0">
  <testcase classname="TestingParameterization.DataProv" name="testing" time="0.001"/>
  <system-out/>
  <testcase classname="TestingParameterization.DataProv" name="testing" time="0.007"/>
  <system-out/>
</testsuite> <!-- TestingParameterization.DataProv -->
