<?xml version="1.0" encoding="UTF-8"?>
<!-- Generated by org.testng.reporters.JUnitReportReporter -->
<testsuite hostname="LAPTOP-GTLTLNIU" failures="0" tests="2" name="TestingSmoke.Tstsmoke2" time="0.002" errors="0" timestamp="2023-03-28T17:53:18 IST" skipped="0">
  <testcase classname="TestingSmoke.Tstsmoke2" name="fun1" time="0.001"/>
  <system-out/>
  <testcase classname="TestingSmoke.Tstsmoke2" name="fun3" time="0.001"/>
  <system-out/>
</testsuite> <!-- TestingSmoke.Tstsmoke2 -->
