<?xml version="1.0" encoding="UTF-8"?>
<!-- Generated by org.testng.reporters.JUnitReportReporter -->
<testsuite hostname="LAPTOP-GTLTLNIU" failures="0" tests="2" name="TestingPriority.TstDependsOn" time="0.006" errors="0" timestamp="2023-03-28T18:03:44 IST" skipped="0">
  <testcase classname="TestingPriority.TstDependsOn" name="ZpiHomeLoan" time="0.006"/>
  <system-out/>
  <testcase classname="TestingPriority.TstDependsOn" name="WebHomeLona" time="0.000"/>
  <system-out/>
</testsuite> <!-- TestingPriority.TstDependsOn -->
