<?xml version="1.0" encoding="UTF-8"?>
<!-- Generated by org.testng.reporters.JUnitReportReporter -->
<testsuite hostname="LAPTOP-GTLTLNIU" failures="0" tests="1" name="TestingTstNg.FactoryLoan" time="0.002" errors="0" timestamp="2023-03-28T17:27:28 IST" skipped="0">
  <testcase classname="TestingTstNg.FactoryLoan" name="factoryLoan" time="0.002"/>
  <system-out/>
</testsuite> <!-- TestingTstNg.FactoryLoan -->
