<?xml version="1.0" encoding="UTF-8"?>
<!-- Generated by org.testng.reporters.JUnitReportReporter -->
<testsuite hostname="LAPTOP-GTLTLNIU" failures="0" tests="2" name="TestingHelpingAttribute.Testgg" time="0.008" errors="0" timestamp="2023-03-29T14:15:42 IST" skipped="0">
  <testcase classname="TestingHelpingAttribute.Testgg" name="fun3" time="0.007"/>
  <system-out/>
  <testcase classname="TestingHelpingAttribute.Testgg" name="fun2" time="0.001"/>
  <system-out/>
</testsuite> <!-- TestingHelpingAttribute.Testgg -->
