<?xml version="1.0" encoding="UTF-8"?>
<!-- Generated by org.testng.reporters.JUnitReportReporter -->
<testsuite hostname="LAPTOP-GTLTLNIU" failures="0" tests="1" name="TestingTstNg.AppTest" time="0.008" errors="0" timestamp="2023-03-29T17:59:19 IST" skipped="0">
  <testcase classname="TestingTstNg.AppTest" name="shouldAnswerWithTrue" time="0.008"/>
  <system-out/>
</testsuite> <!-- TestingTstNg.AppTest -->
