<?xml version="1.0" encoding="UTF-8"?>
<!-- Generated by org.testng.reporters.JUnitReportReporter -->
<testsuite hostname="LAPTOP-GTLTLNIU" failures="0" tests="2" name="TestingParameterization.DataProv1" time="0.004" errors="0" timestamp="2023-03-29T17:59:35 IST" skipped="0">
  <testcase classname="TestingParameterization.DataProv1" name="test" time="0.000"/>
  <system-out/>
  <testcase classname="TestingParameterization.DataProv1" name="test" time="0.004"/>
  <system-out/>
</testsuite> <!-- TestingParameterization.DataProv1 -->
